<?xml version="1.0" encoding="UTF-8"?>
<testng-results ignored="0" total="1" passed="1" failed="0" skipped="0">
  <reporter-output>
  </reporter-output>
  <suite started-at="2021-06-14T02:24:40Z" name="DemoTestSuite" finished-at="2021-06-14T02:24:57Z" duration-ms="17295">
    <groups>
    </groups>
    <test started-at="2021-06-14T02:24:40Z" name="maintest" finished-at="2021-06-14T02:24:57Z" duration-ms="17295">
      <class name="com.demo.testcases.MainTest">
        <test-method is-config="true" signature="setUp()[pri:0, instance:com.demo.testcases.MainTest@4450d156]" started-at="2021-06-13T19:24:40Z" name="setUp" finished-at="2021-06-13T19:24:45Z" duration-ms="5306" status="PASS">
          <reporter-output>
          </reporter-output>
        </test-method> <!-- setUp -->
        <test-method signature="mainTest()[pri:0, instance:com.demo.testcases.MainTest@4450d156]" started-at="2021-06-13T19:24:45Z" name="mainTest" finished-at="2021-06-13T19:24:56Z" duration-ms="10740" status="PASS">
          <reporter-output>
          </reporter-output>
        </test-method> <!-- mainTest -->
        <test-method is-config="true" signature="tearDown(org.testng.ITestResult)[pri:0, instance:com.demo.testcases.MainTest@4450d156]" started-at="2021-06-13T19:24:56Z" name="tearDown" finished-at="2021-06-13T19:24:56Z" duration-ms="1" status="PASS">
          <params>
            <param index="0">
              <value>
                <![CDATA[[TestResult name=mainTest status=SUCCESS method=MainTest.mainTest()[pri:0, instance:com.demo.testcases.MainTest@4450d156] output={null}]]]>
              </value>
            </param>
          </params>
          <reporter-output>
          </reporter-output>
        </test-method> <!-- tearDown -->
        <test-method is-config="true" signature="endReport()[pri:0, instance:com.demo.testcases.MainTest@4450d156]" started-at="2021-06-13T19:24:56Z" name="endReport" finished-at="2021-06-13T19:24:57Z" duration-ms="1220" status="PASS">
          <reporter-output>
          </reporter-output>
        </test-method> <!-- endReport -->
      </class> <!-- com.demo.testcases.MainTest -->
    </test> <!-- maintest -->
  </suite> <!-- DemoTestSuite -->
</testng-results>
